
-------------------------------------------------------------------------------
Parsing project file - F:\XinSon\Desktop\Darkest Dungeon mods\Darkest Dungeon Spider Court\data\Spider-Court\SpiderCourt_project.xml
Mod Data Directory = F:/XinSon/Desktop/Darkest Dungeon mods/Darkest Dungeon Spider Court/data/Spider-Court/

-------------------------------------------------------------------------------
Processing Map Files files...
Processing maps/cc_map_baron.csv...
Exporting to maps/cc_map_baron.dm
Processing maps/cc_map_countess.csv...
Exporting to maps/cc_map_countess.dm
Processing maps/cc_map_viscount.csv...
Exporting to maps/cc_map_viscount.dm

-------------------------------------------------------------------------------
Running Localization...
Parsing localization/CourtyardPlus.string_table.xml
Parsing localization/spiders_court.string_table.xml

Building Languages
Exporting .loc files

-------------------------------------------------------------------------------
Searching for preview icon file F:/XinSon/Desktop/Darkest Dungeon mods/Darkest Dungeon Spider Court/data/Spider-Court/preview_icon.png...FOUND!
<UploadMode> - Set to direct_upload


-------------------------------------------------------------------------------
Modded files...

campaign/town/buildings/graveyard/final_dd_quirk_evolution_death_disease_vampire_wasting.png
campaign/town/buildings/statue/plot_crimson_court_0.png
campaign/town/buildings/statue/portrait_baron.png
campaign/town/buildings/statue/portrait_countess.png
campaign/town/buildings/statue/portrait_fanatic.png
campaign/town/buildings/statue/portrait_viscount.png
campaign/town/buildings/statue/statue_media_info.json
props/shared/curios/cc_bloodflower/cc_bloodflower.atlas
props/shared/curios/cc_bloodflower/cc_bloodflower.png
props/shared/curios/cc_bloodflower/cc_bloodflower.skel
props/shared/curios/cc_bone_pile/cc_bone_pile.atlas
props/shared/curios/cc_bone_pile/cc_bone_pile.png
props/shared/curios/cc_bone_pile/cc_bone_pile.skel
props/shared/curios/cc_damned_fountain/cc_damned_fountain.atlas
props/shared/curios/cc_damned_fountain/cc_damned_fountain.png
props/shared/curios/cc_damned_fountain/cc_damned_fountain.skel
props/shared/curios/cc_egg_cluster/cc_egg_cluster.atlas
props/shared/curios/cc_egg_cluster/cc_egg_cluster.png
props/shared/curios/cc_egg_cluster/cc_egg_cluster.skel
props/shared/curios/cc_food_cart/cc_food_cart.atlas
props/shared/curios/cc_food_cart/cc_food_cart.png
props/shared/curios/cc_food_cart/cc_food_cart.skel
props/shared/curios/cc_hammer_game/cc_hammer_game.atlas
props/shared/curios/cc_hammer_game/cc_hammer_game.png
props/shared/curios/cc_hammer_game/cc_hammer_game.skel
props/shared/curios/cc_heirloom_chest/cc_heirloom_chest - Copy.png
props/shared/curios/cc_heirloom_chest/cc_heirloom_chest.atlas
props/shared/curios/cc_heirloom_chest/cc_heirloom_chest.png
props/shared/curios/cc_heirloom_chest/cc_heirloom_chest.skel
props/shared/curios/cc_hive/cc_hive.atlas
props/shared/curios/cc_hive/cc_hive.png
props/shared/curios/cc_hive/cc_hive.skel
props/shared/curios/cc_hive_quest/cc_hive_quest.atlas
props/shared/curios/cc_hive_quest/cc_hive_quest.png
props/shared/curios/cc_hive_quest/cc_hive_quest.skel
props/shared/curios/cc_infested_egg_cluster/cc_infested_egg_cluster.atlas
props/shared/curios/cc_infested_egg_cluster/cc_infested_egg_cluster.png
props/shared/curios/cc_infested_egg_cluster/cc_infested_egg_cluster.skel
props/shared/curios/cc_keyblue/cc_keyblue.atlas
props/shared/curios/cc_keyblue/cc_keyblue.png
props/shared/curios/cc_keyblue/cc_keyblue.skel
props/shared/curios/cc_keygreen/cc_keygreen.atlas
props/shared/curios/cc_keygreen/cc_keygreen.png
props/shared/curios/cc_keygreen/cc_keygreen.skel
props/shared/curios/cc_keyred/cc_keyred.atlas
props/shared/curios/cc_keyred/cc_keyred.png
props/shared/curios/cc_keyred/cc_keyred.skel
props/shared/curios/cc_keyyellow/cc_keyyellow.atlas
props/shared/curios/cc_keyyellow/cc_keyyellow.png
props/shared/curios/cc_keyyellow/cc_keyyellow.skel
props/shared/curios/cc_shrew_elder/cc_shrew_elder.atlas
props/shared/curios/cc_shrew_elder/cc_shrew_elder.png
props/shared/curios/cc_shrew_elder/cc_shrew_elder.skel
props/shared/curios/cc_shrew_hooded/cc_shrew_hooded.atlas
props/shared/curios/cc_shrew_hooded/cc_shrew_hooded.png
props/shared/curios/cc_shrew_hooded/cc_shrew_hooded.skel
props/shared/curios/cc_trinket_chest/cc_trinket_chest.atlas
props/shared/curios/cc_trinket_chest/cc_trinket_chest.png
props/shared/curios/cc_trinket_chest/cc_trinket_chest.skel
props/shared/curios/cc_wine_crate/cc_wine_crate.atlas
props/shared/curios/cc_wine_crate/cc_wine_crate.png
props/shared/curios/cc_wine_crate/cc_wine_crate.skel
props/shared/curios/cc_wine_crate_quest/cc_wine_crate_quest.atlas
props/shared/curios/cc_wine_crate_quest/cc_wine_crate_quest.png
props/shared/curios/cc_wine_crate_quest/cc_wine_crate_quest.skel
campaign/town/buildings/crimson_court.building.layout.darkest
campaign/town/districts/cc_districts.json
campaign/town/infestation/infestation.layout.darkest
campaign/town/infestation/infestation_banner.png
campaign/town/provision/crimson_court.provision.layout.darkest
campaign/town/quest_select/crimson_court.quest_select.layout.darkest
campaign/town/quest_select/estate_inventory_dependency_icon.png
campaign/town/quest_select/quest_select_burn_hive_1.png
campaign/town/quest_select/quest_select_burn_hive_2.png
campaign/town/quest_select/quest_select_burn_hive_3.png
campaign/town/quest_select/quest_select_burn_hive_4.png
campaign/town/quest_select/quest_select_burn_hive_5.png
campaign/town/quest_select/quest_select_farm_bloodcrate_1.png
campaign/town/quest_select/quest_select_farm_bloodcrate_3.png
campaign/town/quest_select/quest_select_farm_bloodcrate_5.png
campaign/town/quest_select/quest_select_farm_bloodcrate_6.png
campaign/town/quest_select/quest_select_kill_statue_1.png
campaign/town/quest_select/quest_select_kill_statue_3.png
campaign/town/quest_select/quest_select_kill_statue_5.png
campaign/town/quest_select/quest_select_kill_statue_6.png
campaign/town/quest_select/quest_select_length_plot_5.png
campaign/town/quest_select/quest_select_plot_crimson_court_1.png
campaign/town/quest_select/quest_select_plot_crimson_court_2.png
campaign/town/quest_select/quest_select_plot_crimson_court_3.png
campaign/town/town_event/town_event.image_bright_light.png
campaign/town/town_event/town_event.image_countess_dead.png
campaign/town/town_event/town_event.image_fanatic_intro_0.png
campaign/town/town_event/town_event.image_fanatic_intro_1.png
campaign/town/town_event/town_event.image_fanatic_intro_2.png
campaign/town/town_event/town_event.image_infestation_intro.png
campaign/town/town_event/town_event.image_infestation_repeat.png
campaign/town/town_event/town_event.image_remove_vampire.png
campaign/town/town_event/town_event.image_return_from_CCQ1.png
monsters/baron/anim/baron.sprite.attack_arm.atlas
monsters/baron/anim/baron.sprite.attack_arm.png
monsters/baron/anim/baron.sprite.attack_arm.skel
monsters/baron/anim/baron.sprite.attack_bow.atlas
monsters/baron/anim/baron.sprite.attack_bow.png
monsters/baron/anim/baron.sprite.attack_bow.skel
monsters/baron/anim/baron.sprite.attack_maw.atlas
monsters/baron/anim/baron.sprite.attack_maw.png
monsters/baron/anim/baron.sprite.attack_maw.skel
monsters/baron/anim/baron.sprite.attack_tentacles.atlas
monsters/baron/anim/baron.sprite.attack_tentacles.png
monsters/baron/anim/baron.sprite.attack_tentacles.skel
monsters/baron/anim/baron.sprite.combat.atlas
monsters/baron/anim/baron.sprite.combat.png
monsters/baron/anim/baron.sprite.combat.skel
monsters/baron/anim/baron.sprite.defend.atlas
monsters/baron/anim/baron.sprite.defend.png
monsters/baron/anim/baron.sprite.defend.skel
monsters/baron/baron_A/baron_A.art.darkest
monsters/baron/baron_A/baron_A.info.darkest
monsters/baron/baron_A/tint.png
monsters/baron/baron_B/baron_B.art.darkest
monsters/baron/baron_B/baron_B.info.darkest
monsters/baron/baron_B/tint.png
monsters/baron/fx/baron.sprite.baron_hunger.atlas
monsters/baron/fx/baron.sprite.baron_hunger.png
monsters/baron/fx/baron.sprite.baron_hunger.skel
monsters/baron/fx/baron.sprite.crowd_pleaser.atlas
monsters/baron/fx/baron.sprite.crowd_pleaser.png
monsters/baron/fx/baron.sprite.crowd_pleaser.skel
monsters/baron/fx/baron.sprite.forced_enthusiasm.atlas
monsters/baron/fx/baron.sprite.forced_enthusiasm.png
monsters/baron/fx/baron.sprite.forced_enthusiasm.skel
monsters/baron/fx/baron.sprite.forced_enthusiasm_target.atlas
monsters/baron/fx/baron.sprite.forced_enthusiasm_target.png
monsters/baron/fx/baron.sprite.forced_enthusiasm_target.skel
monsters/baron/fx/baron.sprite.necessary_discipline.atlas
monsters/baron/fx/baron.sprite.necessary_discipline.png
monsters/baron/fx/baron.sprite.necessary_discipline.skel
monsters/body_average/anim/body_average.sprite.combat.atlas
monsters/body_average/anim/body_average.sprite.combat.png
monsters/body_average/anim/body_average.sprite.combat.skel
monsters/body_average/anim/body_average.sprite.defend.atlas
monsters/body_average/anim/body_average.sprite.defend.png
monsters/body_average/anim/body_average.sprite.defend.skel
monsters/body_average/body_average_A/body_average_A.art.darkest
monsters/body_average/body_average_A/body_average_A.info.darkest
monsters/body_average/body_average_A/tint.png
monsters/body_average/body_average_B/body_average_B.art.darkest
monsters/body_average/body_average_B/body_average_B.info.darkest
monsters/body_average/body_average_B/tint.png
monsters/body_average/body_average_C/body_average_C.art.darkest
monsters/body_average/body_average_C/body_average_C.info.darkest
monsters/body_average/body_average_C/tint.png
monsters/body_bloated/anim/body_bloated.sprite.combat.atlas
monsters/body_bloated/anim/body_bloated.sprite.combat.png
monsters/body_bloated/anim/body_bloated.sprite.combat.skel
monsters/body_bloated/anim/body_bloated.sprite.defend.atlas
monsters/body_bloated/anim/body_bloated.sprite.defend.png
monsters/body_bloated/anim/body_bloated.sprite.defend.skel
monsters/body_bloated/body_bloated_A/body_bloated_A.art.darkest
monsters/body_bloated/body_bloated_A/body_bloated_A.info.darkest
monsters/body_bloated/body_bloated_A/tint.png
monsters/body_bloated/body_bloated_B/body_bloated_B.art.darkest
monsters/body_bloated/body_bloated_B/body_bloated_B.info.darkest
monsters/body_bloated/body_bloated_B/tint.png
monsters/body_bloated/body_bloated_C/body_bloated_C.art.darkest
monsters/body_bloated/body_bloated_C/body_bloated_C.info.darkest
monsters/body_bloated/body_bloated_C/tint.png
monsters/body_emaciated/anim/body_emaciated.sprite.combat.atlas
monsters/body_emaciated/anim/body_emaciated.sprite.combat.png
monsters/body_emaciated/anim/body_emaciated.sprite.combat.skel
monsters/body_emaciated/anim/body_emaciated.sprite.defend.atlas
monsters/body_emaciated/anim/body_emaciated.sprite.defend.png
monsters/body_emaciated/anim/body_emaciated.sprite.defend.skel
monsters/body_emaciated/body_emaciated_A/body_emaciated_A.art.darkest
monsters/body_emaciated/body_emaciated_A/body_emaciated_A.info.darkest
monsters/body_emaciated/body_emaciated_A/tint.png
monsters/body_emaciated/body_emaciated_B/body_emaciated_B.art.darkest
monsters/body_emaciated/body_emaciated_B/body_emaciated_B.info.darkest
monsters/body_emaciated/body_emaciated_B/tint.png
monsters/body_emaciated/body_emaciated_C/body_emaciated_C.art.darkest
monsters/body_emaciated/body_emaciated_C/body_emaciated_C.info.darkest
monsters/body_emaciated/body_emaciated_C/tint.png
monsters/bulrush/anim/bulrush.sprite.combat.atlas
monsters/bulrush/anim/bulrush.sprite.combat.png
monsters/bulrush/anim/bulrush.sprite.combat.skel
monsters/bulrush/anim/bulrush.sprite.defend.atlas
monsters/bulrush/anim/bulrush.sprite.defend.png
monsters/bulrush/anim/bulrush.sprite.defend.skel
monsters/bulrush/bulrush_A/bulrush_A.art.darkest
monsters/bulrush/bulrush_A/bulrush_A.info.darkest
monsters/bulrush/bulrush_A/tint.png
monsters/bulrush/bulrush_B/bulrush_B.art.darkest
monsters/bulrush/bulrush_B/bulrush_B.info.darkest
monsters/bulrush/bulrush_B/tint.png
monsters/bulrush/bulrush_C/bulrush_C.art.darkest
monsters/bulrush/bulrush_C/bulrush_C.info.darkest
monsters/bulrush/bulrush_C/tint.png
monsters/bulrush/bulrush_D/bulrush_D.art.darkest
monsters/bulrush/bulrush_D/bulrush_D.info.darkest
monsters/bulrush/bulrush_D/tint.png
monsters/castellan/anim/castellan.sprite.attack_bow.atlas
monsters/castellan/anim/castellan.sprite.attack_bow.png
monsters/castellan/anim/castellan.sprite.attack_bow.skel
monsters/castellan/anim/castellan.sprite.attack_hand.atlas
monsters/castellan/anim/castellan.sprite.attack_hand.png
monsters/castellan/anim/castellan.sprite.attack_hand.skel
monsters/castellan/anim/castellan.sprite.combat.atlas
monsters/castellan/anim/castellan.sprite.combat.png
monsters/castellan/anim/castellan.sprite.combat.skel
monsters/castellan/anim/castellan.sprite.dead.atlas
monsters/castellan/anim/castellan.sprite.dead.png
monsters/castellan/anim/castellan.sprite.dead.skel
monsters/castellan/anim/castellan.sprite.defend.atlas
monsters/castellan/anim/castellan.sprite.defend.png
monsters/castellan/anim/castellan.sprite.defend.skel
monsters/castellan/castellan_A/castellan_A.art.darkest
monsters/castellan/castellan_A/castellan_A.info.darkest
monsters/castellan/castellan_A/tint.png
monsters/castellan/castellan_B/castellan_B.art.darkest
monsters/castellan/castellan_B/castellan_B.info.darkest
monsters/castellan/castellan_B/tint.png
monsters/castellan/castellan_C/castellan_C.art.darkest
monsters/castellan/castellan_C/castellan_C.info.darkest
monsters/castellan/castellan_C/tint.png
monsters/castellan/fx/castellan.sprite.enraging_slight.atlas
monsters/castellan/fx/castellan.sprite.enraging_slight.png
monsters/castellan/fx/castellan.sprite.enraging_slight.skel
monsters/cattail/anim/cattail.sprite.combat.atlas
monsters/cattail/anim/cattail.sprite.combat.png
monsters/cattail/anim/cattail.sprite.combat.skel
monsters/cattail/anim/cattail.sprite.defend.atlas
monsters/cattail/anim/cattail.sprite.defend.png
monsters/cattail/anim/cattail.sprite.defend.skel
monsters/cattail/cattail_A/cattail_A.art.darkest
monsters/cattail/cattail_A/cattail_A.info.darkest
monsters/cattail/cattail_A/tint.png
monsters/cattail/cattail_B/cattail_B.art.darkest
monsters/cattail/cattail_B/cattail_B.info.darkest
monsters/cattail/cattail_B/tint.png
monsters/cattail/cattail_C/cattail_C.art.darkest
monsters/cattail/cattail_C/cattail_C.info.darkest
monsters/cattail/cattail_C/tint.png
monsters/cattail/cattail_D/cattail_D.art.darkest
monsters/cattail/cattail_D/cattail_D.info.darkest
monsters/cattail/cattail_D/tint.png
monsters/chevalier/anim/chevalier.sprite.attack_forelegs.atlas
monsters/chevalier/anim/chevalier.sprite.attack_forelegs.png
monsters/chevalier/anim/chevalier.sprite.attack_forelegs.skel
monsters/chevalier/anim/chevalier.sprite.combat.atlas
monsters/chevalier/anim/chevalier.sprite.combat.png
monsters/chevalier/anim/chevalier.sprite.combat.skel
monsters/chevalier/anim/chevalier.sprite.dead.atlas
monsters/chevalier/anim/chevalier.sprite.dead.png
monsters/chevalier/anim/chevalier.sprite.dead.skel
monsters/chevalier/anim/chevalier.sprite.defend.atlas
monsters/chevalier/anim/chevalier.sprite.defend.png
monsters/chevalier/anim/chevalier.sprite.defend.skel
monsters/chevalier/chevalier_A/chevalier_A.art.darkest
monsters/chevalier/chevalier_A/chevalier_A.info.darkest
monsters/chevalier/chevalier_A/tint.png
monsters/chevalier/chevalier_B/chevalier_B.art.darkest
monsters/chevalier/chevalier_B/chevalier_B.info.darkest
monsters/chevalier/chevalier_B/tint.png
monsters/chevalier/chevalier_C/chevalier_C.art.darkest
monsters/chevalier/chevalier_C/chevalier_C.info.darkest
monsters/chevalier/chevalier_C/tint.png
monsters/chevalier/fx/chevalier.sprite.buried_blast.atlas
monsters/chevalier/fx/chevalier.sprite.buried_blast.png
monsters/chevalier/fx/chevalier.sprite.buried_blast.skel
monsters/chevalier/fx/chevalier.sprite.buried_blast_target.atlas
monsters/chevalier/fx/chevalier.sprite.buried_blast_target.png
monsters/chevalier/fx/chevalier.sprite.buried_blast_target.skel
monsters/chevalier/fx/chevalier.sprite.buried_skewer_target.atlas
monsters/chevalier/fx/chevalier.sprite.buried_skewer_target.png
monsters/chevalier/fx/chevalier.sprite.buried_skewer_target.skel
monsters/countess/anim/countess.sprite.attack_claw.atlas
monsters/countess/anim/countess.sprite.attack_claw.png
monsters/countess/anim/countess.sprite.attack_claw.skel
monsters/countess/anim/countess.sprite.attack_fan.atlas
monsters/countess/anim/countess.sprite.attack_fan.png
monsters/countess/anim/countess.sprite.attack_fan.skel
monsters/countess/anim/countess.sprite.attack_feed.atlas
monsters/countess/anim/countess.sprite.attack_feed.png
monsters/countess/anim/countess.sprite.attack_feed.skel
monsters/countess/anim/countess.sprite.attack_forelegs.atlas
monsters/countess/anim/countess.sprite.attack_forelegs.png
monsters/countess/anim/countess.sprite.attack_forelegs.skel
monsters/countess/anim/countess.sprite.attack_injection.atlas
monsters/countess/anim/countess.sprite.attack_injection.png
monsters/countess/anim/countess.sprite.attack_injection.skel
monsters/countess/anim/countess.sprite.attack_pheromones.atlas
monsters/countess/anim/countess.sprite.attack_pheromones.png
monsters/countess/anim/countess.sprite.attack_pheromones.skel
monsters/countess/anim/countess.sprite.attack_scream.atlas
monsters/countess/anim/countess.sprite.attack_scream.png
monsters/countess/anim/countess.sprite.attack_scream.skel
monsters/countess/anim/countess.sprite.attack_tongue.atlas
monsters/countess/anim/countess.sprite.attack_tongue.png
monsters/countess/anim/countess.sprite.attack_tongue.skel
monsters/countess/anim/countess.sprite.attack_transform.atlas
monsters/countess/anim/countess.sprite.attack_transform.png
monsters/countess/anim/countess.sprite.attack_transform.skel
monsters/countess/anim/countess.sprite.combat.atlas
monsters/countess/anim/countess.sprite.combat.png
monsters/countess/anim/countess.sprite.combat.skel
monsters/countess/anim/countess.sprite.defend.atlas
monsters/countess/anim/countess.sprite.defend.png
monsters/countess/anim/countess.sprite.defend.skel
monsters/countess/countess_D/countess_D.art.darkest
monsters/countess/countess_D/countess_D.info.darkest
monsters/countess/countess_D/tint.png
monsters/countess/countess_E/countess_E.art.darkest
monsters/countess/countess_E/countess_E.info.darkest
monsters/countess/countess_E/tint.png
monsters/countess/countess_F/countess_F.art.darkest
monsters/countess/countess_F/countess_F.info.darkest
monsters/countess/countess_F/tint.png
monsters/countess/fx/countess.sprite.be_silent.atlas
monsters/countess/fx/countess.sprite.be_silent.png
monsters/countess/fx/countess.sprite.be_silent.skel
monsters/countess/fx/countess.sprite.claw_swipe_berserk.atlas
monsters/countess/fx/countess.sprite.claw_swipe_berserk.png
monsters/countess/fx/countess.sprite.claw_swipe_berserk.skel
monsters/countess/fx/countess.sprite.claw_swipe_normal.atlas
monsters/countess/fx/countess.sprite.claw_swipe_normal.png
monsters/countess/fx/countess.sprite.claw_swipe_normal.skel
monsters/countess/fx/countess.sprite.clear_the_court.atlas
monsters/countess/fx/countess.sprite.clear_the_court.png
monsters/countess/fx/countess.sprite.clear_the_court.skel
monsters/countess/fx/countess.sprite.egg.atlas
monsters/countess/fx/countess.sprite.egg.png
monsters/countess/fx/countess.sprite.egg.skel
monsters/countess/fx/countess.sprite.fan_flutter.atlas
monsters/countess/fx/countess.sprite.fan_flutter.png
monsters/countess/fx/countess.sprite.fan_flutter.skel
monsters/countess/fx/countess.sprite.feed_berserk.atlas
monsters/countess/fx/countess.sprite.feed_berserk.png
monsters/countess/fx/countess.sprite.feed_berserk.skel
monsters/countess/fx/countess.sprite.life_feeds_on_life.atlas
monsters/countess/fx/countess.sprite.life_feeds_on_life.png
monsters/countess/fx/countess.sprite.life_feeds_on_life.skel
monsters/countess/fx/countess.sprite.pheromonal_delirium.atlas
monsters/countess/fx/countess.sprite.pheromonal_delirium.png
monsters/countess/fx/countess.sprite.pheromonal_delirium.skel
monsters/countess/fx/countess.sprite.swarm.atlas
monsters/countess/fx/countess.sprite.swarm.png
monsters/countess/fx/countess.sprite.swarm.skel
monsters/courtesan/anim/courtesan.sprite.attack_bite.atlas
monsters/courtesan/anim/courtesan.sprite.attack_bite.png
monsters/courtesan/anim/courtesan.sprite.attack_bite.skel
monsters/courtesan/anim/courtesan.sprite.attack_claw.atlas
monsters/courtesan/anim/courtesan.sprite.attack_claw.png
monsters/courtesan/anim/courtesan.sprite.attack_claw.skel
monsters/courtesan/anim/courtesan.sprite.attack_dance.atlas
monsters/courtesan/anim/courtesan.sprite.attack_dance.png
monsters/courtesan/anim/courtesan.sprite.attack_dance.skel
monsters/courtesan/anim/courtesan.sprite.attack_feed.atlas
monsters/courtesan/anim/courtesan.sprite.attack_feed.png
monsters/courtesan/anim/courtesan.sprite.attack_feed.skel
monsters/courtesan/anim/courtesan.sprite.attack_slap.atlas
monsters/courtesan/anim/courtesan.sprite.attack_slap.png
monsters/courtesan/anim/courtesan.sprite.attack_slap.skel
monsters/courtesan/anim/courtesan.sprite.attack_whisper.atlas
monsters/courtesan/anim/courtesan.sprite.attack_whisper.png
monsters/courtesan/anim/courtesan.sprite.attack_whisper.skel
monsters/courtesan/anim/courtesan.sprite.combat.atlas
monsters/courtesan/anim/courtesan.sprite.combat.png
monsters/courtesan/anim/courtesan.sprite.combat.skel
monsters/courtesan/anim/courtesan.sprite.dead.atlas
monsters/courtesan/anim/courtesan.sprite.dead.png
monsters/courtesan/anim/courtesan.sprite.dead.skel
monsters/courtesan/anim/courtesan.sprite.defend.atlas
monsters/courtesan/anim/courtesan.sprite.defend.png
monsters/courtesan/anim/courtesan.sprite.defend.skel
monsters/courtesan/courtesan_A/courtesan_A.art.darkest
monsters/courtesan/courtesan_A/courtesan_A.info.darkest
monsters/courtesan/courtesan_A/tint.png
monsters/courtesan/courtesan_B/courtesan_B.art.darkest
monsters/courtesan/courtesan_B/courtesan_B.info.darkest
monsters/courtesan/courtesan_B/tint.png
monsters/courtesan/courtesan_C/courtesan_C.art.darkest
monsters/courtesan/courtesan_C/courtesan_C.info.darkest
monsters/courtesan/courtesan_C/tint.png
monsters/courtesan/fx/courtesan.sprite.careless_whispers.atlas
monsters/courtesan/fx/courtesan.sprite.careless_whispers.png
monsters/courtesan/fx/courtesan.sprite.careless_whispers.skel
monsters/courtesan/fx/courtesan.sprite.damsel_in_distress.atlas
monsters/courtesan/fx/courtesan.sprite.damsel_in_distress.png
monsters/courtesan/fx/courtesan.sprite.damsel_in_distress.skel
monsters/courtesan/fx/courtesan.sprite.expose_the_vein.atlas
monsters/courtesan/fx/courtesan.sprite.expose_the_vein.png
monsters/courtesan/fx/courtesan.sprite.expose_the_vein.skel
monsters/courtesan/fx/courtesan.sprite.midnight_minuet.atlas
monsters/courtesan/fx/courtesan.sprite.midnight_minuet.png
monsters/courtesan/fx/courtesan.sprite.midnight_minuet.skel
monsters/courtesan/fx/courtesan.sprite.rebuff_slap.atlas
monsters/courtesan/fx/courtesan.sprite.rebuff_slap.png
monsters/courtesan/fx/courtesan.sprite.rebuff_slap.skel
monsters/courtesan/fx/courtesan.sprite.renewed_appetite.atlas
monsters/courtesan/fx/courtesan.sprite.renewed_appetite.png
monsters/courtesan/fx/courtesan.sprite.renewed_appetite.skel
monsters/courtesan/fx/courtesan.sprite.renewed_appetite_target.atlas
monsters/courtesan/fx/courtesan.sprite.renewed_appetite_target.png
monsters/courtesan/fx/courtesan.sprite.renewed_appetite_target.skel
monsters/courtesan/fx/courtesan.sprite.the_hunger_beast.atlas
monsters/courtesan/fx/courtesan.sprite.the_hunger_beast.png
monsters/courtesan/fx/courtesan.sprite.the_hunger_beast.skel
monsters/courtesan/fx/courtesan.sprite.the_hunger_human.atlas
monsters/courtesan/fx/courtesan.sprite.the_hunger_human.png
monsters/courtesan/fx/courtesan.sprite.the_hunger_human.skel
monsters/crocodile/anim/crocodile.sprite.attack_bite.atlas
monsters/crocodile/anim/crocodile.sprite.attack_bite.png
monsters/crocodile/anim/crocodile.sprite.attack_bite.skel
monsters/crocodile/anim/crocodile.sprite.attack_hive.atlas
monsters/crocodile/anim/crocodile.sprite.attack_hive.png
monsters/crocodile/anim/crocodile.sprite.attack_hive.skel
monsters/crocodile/anim/crocodile.sprite.attack_move.atlas
monsters/crocodile/anim/crocodile.sprite.attack_move.png
monsters/crocodile/anim/crocodile.sprite.attack_move.skel
monsters/crocodile/anim/crocodile.sprite.attack_submerge.atlas
monsters/crocodile/anim/crocodile.sprite.attack_submerge.png
monsters/crocodile/anim/crocodile.sprite.attack_submerge.skel
monsters/crocodile/anim/crocodile.sprite.attack_surface.atlas
monsters/crocodile/anim/crocodile.sprite.attack_surface.png
monsters/crocodile/anim/crocodile.sprite.attack_surface.skel
monsters/crocodile/anim/crocodile.sprite.combat.atlas
monsters/crocodile/anim/crocodile.sprite.combat.png
monsters/crocodile/anim/crocodile.sprite.combat.skel
monsters/crocodile/anim/crocodile.sprite.defend.atlas
monsters/crocodile/anim/crocodile.sprite.defend.png
monsters/crocodile/anim/crocodile.sprite.defend.skel
monsters/crocodile/crocodile_A/crocodile_A.art.darkest
monsters/crocodile/crocodile_A/crocodile_A.info.darkest
monsters/crocodile/crocodile_A/tint.png
monsters/crocodile/crocodile_B/crocodile_B.art.darkest
monsters/crocodile/crocodile_B/crocodile_B.info.darkest
monsters/crocodile/crocodile_B/tint.png
monsters/crocodile/crocodile_C/crocodile_C.art.darkest
monsters/crocodile/crocodile_C/crocodile_C.info.darkest
monsters/crocodile/crocodile_C/tint.png
monsters/crocodile/crocodile_D/crocodile_D.art.darkest
monsters/crocodile/crocodile_D/crocodile_D.info.darkest
monsters/crocodile/crocodile_D/tint.png
monsters/crocodile/crocodile_E/crocodile_E.art.darkest
monsters/crocodile/crocodile_E/crocodile_E.info.darkest
monsters/crocodile/crocodile_E/tint.png
monsters/crocodile/crocodile_F/crocodile_F.art.darkest
monsters/crocodile/crocodile_F/crocodile_F.info.darkest
monsters/crocodile/crocodile_F/tint.png
monsters/crocodile/crocodile_G/crocodile_G.art.darkest
monsters/crocodile/crocodile_G/crocodile_G.info.darkest
monsters/crocodile/crocodile_G/tint.png
monsters/crocodile/crocodile_H/crocodile_H.art.darkest
monsters/crocodile/crocodile_H/crocodile_H.info.darkest
monsters/crocodile/crocodile_H/tint.png
monsters/crocodile/fx/crocodile.sprite.angry_hive.atlas
monsters/crocodile/fx/crocodile.sprite.angry_hive.png
monsters/crocodile/fx/crocodile.sprite.angry_hive.skel
monsters/crocodile/fx/crocodile.sprite.angry_hive_target.atlas
monsters/crocodile/fx/crocodile.sprite.angry_hive_target.png
monsters/crocodile/fx/crocodile.sprite.angry_hive_target.skel
monsters/crocodile/fx/crocodile.sprite.move_from_left_right.atlas
monsters/crocodile/fx/crocodile.sprite.move_from_left_right.png
monsters/crocodile/fx/crocodile.sprite.move_from_left_right.skel
monsters/crocodile/fx/crocodile.sprite.submerge.atlas
monsters/crocodile/fx/crocodile.sprite.submerge.png
monsters/crocodile/fx/crocodile.sprite.submerge.skel
monsters/crocodile/fx/crocodile.sprite.submerge_nuke.atlas
monsters/crocodile/fx/crocodile.sprite.submerge_nuke.png
monsters/crocodile/fx/crocodile.sprite.submerge_nuke.skel
monsters/crocodile/fx/crocodile.sprite.teeth_rake.atlas
monsters/crocodile/fx/crocodile.sprite.teeth_rake.png
monsters/crocodile/fx/crocodile.sprite.teeth_rake.skel
monsters/curtain/anim/curtain.sprite.combat.atlas
monsters/curtain/anim/curtain.sprite.combat.png
monsters/curtain/anim/curtain.sprite.combat.skel
monsters/curtain/anim/curtain.sprite.defend.atlas
monsters/curtain/anim/curtain.sprite.defend.png
monsters/curtain/anim/curtain.sprite.defend.skel
monsters/curtain/curtain_A/curtain_A.art.darkest
monsters/curtain/curtain_A/curtain_A.info.darkest
monsters/curtain/curtain_A/tint.png
monsters/curtain/curtain_B/curtain_B.art.darkest
monsters/curtain/curtain_B/curtain_B.info.darkest
monsters/curtain/curtain_B/tint.png
monsters/curtain/curtain_C/curtain_C.art.darkest
monsters/curtain/curtain_C/curtain_C.info.darkest
monsters/curtain/curtain_C/tint.png
monsters/curtain/curtain_E/curtain_E.art.darkest
monsters/curtain/curtain_E/curtain_E.info.darkest
monsters/curtain/curtain_E/tint.png
monsters/curtain/curtain_F/curtain_F.art.darkest
monsters/curtain/curtain_F/curtain_F.info.darkest
monsters/curtain/curtain_F/tint.png
monsters/curtain/curtain_G/curtain_G.art.darkest
monsters/curtain/curtain_G/curtain_G.info.darkest
monsters/curtain/curtain_G/tint.png
monsters/curtain/curtain_H/curtain_H.art.darkest
monsters/curtain/curtain_H/curtain_H.info.darkest
monsters/curtain/curtain_H/tint.png
monsters/curtain/curtain_I/curtain_I.art.darkest
monsters/curtain/curtain_I/curtain_I.info.darkest
monsters/curtain/curtain_I/tint.png
monsters/curtain/curtain_J/curtain_J.art.darkest
monsters/curtain/curtain_J/curtain_J.info.darkest
monsters/curtain/curtain_J/tint.png
monsters/curtain/ui/curtain.skill_overlay_battle_modifier.png
monsters/curtain/ui/curtain.tray_battle_modifier_debuff.png
monsters/esquire/anim/esquire.sprite.attack_charge.atlas
monsters/esquire/anim/esquire.sprite.attack_charge.png
monsters/esquire/anim/esquire.sprite.attack_charge.skel
monsters/esquire/anim/esquire.sprite.attack_feed.atlas
monsters/esquire/anim/esquire.sprite.attack_feed.png
monsters/esquire/anim/esquire.sprite.attack_feed.skel
monsters/esquire/anim/esquire.sprite.attack_leg.atlas
monsters/esquire/anim/esquire.sprite.attack_leg.png
monsters/esquire/anim/esquire.sprite.attack_leg.skel
monsters/esquire/anim/esquire.sprite.attack_pistol.atlas
monsters/esquire/anim/esquire.sprite.attack_pistol.png
monsters/esquire/anim/esquire.sprite.attack_pistol.skel
monsters/esquire/anim/esquire.sprite.attack_sword.atlas
monsters/esquire/anim/esquire.sprite.attack_sword.png
monsters/esquire/anim/esquire.sprite.attack_sword.skel
monsters/esquire/anim/esquire.sprite.combat.atlas
monsters/esquire/anim/esquire.sprite.combat.png
monsters/esquire/anim/esquire.sprite.combat.skel
monsters/esquire/anim/esquire.sprite.dead.atlas
monsters/esquire/anim/esquire.sprite.dead.png
monsters/esquire/anim/esquire.sprite.dead.skel
monsters/esquire/anim/esquire.sprite.defend.atlas
monsters/esquire/anim/esquire.sprite.defend.png
monsters/esquire/anim/esquire.sprite.defend.skel
monsters/esquire/esquire_A/esquire_A.art.darkest
monsters/esquire/esquire_A/esquire_A.info.darkest
monsters/esquire/esquire_A/tint.png
monsters/esquire/esquire_B/esquire_B.art.darkest
monsters/esquire/esquire_B/esquire_B.info.darkest
monsters/esquire/esquire_B/tint.png
monsters/esquire/esquire_C/esquire_C.art.darkest
monsters/esquire/esquire_C/esquire_C.info.darkest
monsters/esquire/esquire_C/tint.png
monsters/esquire/esquire_D/esquire_D.art.darkest
monsters/esquire/esquire_D/esquire_D.info.darkest
monsters/esquire/esquire_D/tint.png
monsters/esquire/fx/esquire.sprite.needling_execration.atlas
monsters/esquire/fx/esquire.sprite.needling_execration.png
monsters/esquire/fx/esquire.sprite.needling_execration.skel
monsters/esquire/fx/esquire.sprite.piercing_foreleg.atlas
monsters/esquire/fx/esquire.sprite.piercing_foreleg.png
monsters/esquire/fx/esquire.sprite.piercing_foreleg.skel
monsters/esquire/fx/esquire.sprite.rib_cracker.atlas
monsters/esquire/fx/esquire.sprite.rib_cracker.png
monsters/esquire/fx/esquire.sprite.rib_cracker.skel
monsters/esquire/fx/esquire.sprite.rib_cracker_target.atlas
monsters/esquire/fx/esquire.sprite.rib_cracker_target.png
monsters/esquire/fx/esquire.sprite.rib_cracker_target.skel
monsters/esquire/fx/esquire.sprite.skewering_repartee.atlas
monsters/esquire/fx/esquire.sprite.skewering_repartee.png
monsters/esquire/fx/esquire.sprite.skewering_repartee.skel
monsters/esquire/fx/esquire.sprite.the_hunger_beast.atlas
monsters/esquire/fx/esquire.sprite.the_hunger_beast.png
monsters/esquire/fx/esquire.sprite.the_hunger_beast.skel
monsters/esquire/fx/esquire.sprite.the_hunger_human.atlas
monsters/esquire/fx/esquire.sprite.the_hunger_human.png
monsters/esquire/fx/esquire.sprite.the_hunger_human.skel
monsters/fanatic/anim/fanatic.sprite.attack_book.atlas
monsters/fanatic/anim/fanatic.sprite.attack_book.png
monsters/fanatic/anim/fanatic.sprite.attack_book.skel
monsters/fanatic/anim/fanatic.sprite.attack_brand.atlas
monsters/fanatic/anim/fanatic.sprite.attack_brand.png
monsters/fanatic/anim/fanatic.sprite.attack_brand.skel
monsters/fanatic/anim/fanatic.sprite.attack_hammer.atlas
monsters/fanatic/anim/fanatic.sprite.attack_hammer.png
monsters/fanatic/anim/fanatic.sprite.attack_hammer.skel
monsters/fanatic/anim/fanatic.sprite.attack_point.atlas
monsters/fanatic/anim/fanatic.sprite.attack_point.png
monsters/fanatic/anim/fanatic.sprite.attack_point.skel
monsters/fanatic/anim/fanatic.sprite.combat.atlas
monsters/fanatic/anim/fanatic.sprite.combat.png
monsters/fanatic/anim/fanatic.sprite.combat.skel
monsters/fanatic/anim/fanatic.sprite.defend.atlas
monsters/fanatic/anim/fanatic.sprite.defend.png
monsters/fanatic/anim/fanatic.sprite.defend.skel
monsters/fanatic/fanatic_A/fanatic_A.art.darkest
monsters/fanatic/fanatic_A/fanatic_A.info.darkest
monsters/fanatic/fanatic_A/tint.png
monsters/fanatic/fanatic_B/fanatic_B.art.darkest
monsters/fanatic/fanatic_B/fanatic_B.info.darkest
monsters/fanatic/fanatic_B/tint.png
monsters/fanatic/fanatic_C/fanatic_C.art.darkest
monsters/fanatic/fanatic_C/fanatic_C.info.darkest
monsters/fanatic/fanatic_C/tint.png
monsters/fanatic/fx/fanatic.sprite.beat_down.atlas
monsters/fanatic/fx/fanatic.sprite.beat_down.png
monsters/fanatic/fx/fanatic.sprite.beat_down.skel
monsters/fanatic/fx/fanatic.sprite.brand_tainted.atlas
monsters/fanatic/fx/fanatic.sprite.brand_tainted.png
monsters/fanatic/fx/fanatic.sprite.brand_tainted.skel
monsters/fanatic/fx/fanatic.sprite.brand_tainted_target.atlas
monsters/fanatic/fx/fanatic.sprite.brand_tainted_target.png
monsters/fanatic/fx/fanatic.sprite.brand_tainted_target.skel
monsters/fanatic/fx/fanatic.sprite.crush_tainted.atlas
monsters/fanatic/fx/fanatic.sprite.crush_tainted.png
monsters/fanatic/fx/fanatic.sprite.crush_tainted.skel
monsters/fanatic/fx/fanatic.sprite.holy_stake.atlas
monsters/fanatic/fx/fanatic.sprite.holy_stake.png
monsters/fanatic/fx/fanatic.sprite.holy_stake.skel
monsters/fanatic/fx/fanatic.sprite.holy_stake_target.atlas
monsters/fanatic/fx/fanatic.sprite.holy_stake_target.png
monsters/fanatic/fx/fanatic.sprite.holy_stake_target.skel
monsters/fanatic/fx/fanatic.sprite.righteous_condemnation.atlas
monsters/fanatic/fx/fanatic.sprite.righteous_condemnation.png
monsters/fanatic/fx/fanatic.sprite.righteous_condemnation.skel
monsters/fanatic/fx/fanatic.sprite.sentence_rendered.atlas
monsters/fanatic/fx/fanatic.sprite.sentence_rendered.png
monsters/fanatic/fx/fanatic.sprite.sentence_rendered.skel
monsters/pyre_empty/anim/pyre_empty.sprite.combat.atlas
monsters/pyre_empty/anim/pyre_empty.sprite.combat.png
monsters/pyre_empty/anim/pyre_empty.sprite.combat.skel
monsters/pyre_empty/anim/pyre_empty.sprite.defend.atlas
monsters/pyre_empty/anim/pyre_empty.sprite.defend.png
monsters/pyre_empty/anim/pyre_empty.sprite.defend.skel
monsters/pyre_empty/pyre_empty_A/pyre_empty_A.art.darkest
monsters/pyre_empty/pyre_empty_A/pyre_empty_A.info.darkest
monsters/pyre_empty/pyre_empty_A/tint.png
monsters/pyre_empty/pyre_empty_B/pyre_empty_B.art.darkest
monsters/pyre_empty/pyre_empty_B/pyre_empty_B.info.darkest
monsters/pyre_empty/pyre_empty_B/tint.png
monsters/pyre_empty/pyre_empty_C/pyre_empty_C.art.darkest
monsters/pyre_empty/pyre_empty_C/pyre_empty_C.info.darkest
monsters/pyre_empty/pyre_empty_C/tint.png
monsters/pyre_full/anim/pyre_full.sprite.combat.atlas
monsters/pyre_full/anim/pyre_full.sprite.combat.png
monsters/pyre_full/anim/pyre_full.sprite.combat.skel
monsters/pyre_full/anim/pyre_full.sprite.defend.atlas
monsters/pyre_full/anim/pyre_full.sprite.defend.png
monsters/pyre_full/anim/pyre_full.sprite.defend.skel
monsters/pyre_full/anim/pyre_full.sprite.release.atlas
monsters/pyre_full/anim/pyre_full.sprite.release.png
monsters/pyre_full/anim/pyre_full.sprite.release.skel
monsters/pyre_full/pyre_full_A/pyre_full_A.art.darkest
monsters/pyre_full/pyre_full_A/pyre_full_A.info.darkest
monsters/pyre_full/pyre_full_A/tint.png
monsters/pyre_full/pyre_full_B/pyre_full_B.art.darkest
monsters/pyre_full/pyre_full_B/pyre_full_B.info.darkest
monsters/pyre_full/pyre_full_B/tint.png
monsters/pyre_full/pyre_full_C/pyre_full_C.art.darkest
monsters/pyre_full/pyre_full_C/pyre_full_C.info.darkest
monsters/pyre_full/pyre_full_C/tint.png
monsters/scarab_chef/anim/scarab_chef.sprite.attack_pins.atlas
monsters/scarab_chef/anim/scarab_chef.sprite.attack_pins.png
monsters/scarab_chef/anim/scarab_chef.sprite.attack_pins.skel
monsters/scarab_chef/anim/scarab_chef.sprite.combat.atlas
monsters/scarab_chef/anim/scarab_chef.sprite.combat.png
monsters/scarab_chef/anim/scarab_chef.sprite.combat.skel
monsters/scarab_chef/anim/scarab_chef.sprite.dead.atlas
monsters/scarab_chef/anim/scarab_chef.sprite.dead.png
monsters/scarab_chef/anim/scarab_chef.sprite.dead.skel
monsters/scarab_chef/anim/scarab_chef.sprite.defend.atlas
monsters/scarab_chef/anim/scarab_chef.sprite.defend.png
monsters/scarab_chef/anim/scarab_chef.sprite.defend.skel
monsters/scarab_chef/anim/scarab_chef.sprite.first_course.atlas
monsters/scarab_chef/anim/scarab_chef.sprite.first_course.png
monsters/scarab_chef/anim/scarab_chef.sprite.first_course.skel
monsters/scarab_chef/anim/scarab_chef.sprite.second_course.atlas
monsters/scarab_chef/anim/scarab_chef.sprite.second_course.png
monsters/scarab_chef/anim/scarab_chef.sprite.second_course.skel
monsters/scarab_chef/anim/scarab_chef.sprite.third_course.atlas
monsters/scarab_chef/anim/scarab_chef.sprite.third_course.png
monsters/scarab_chef/anim/scarab_chef.sprite.third_course.skel
monsters/scarab_chef/fx/arbalest.sprite.battlefield_bandage_target.png
monsters/scarab_chef/fx/scarab_chef.sprite.battlefield_bandage_target.atlas
monsters/scarab_chef/fx/scarab_chef.sprite.battlefield_bandage_target.skel
monsters/scarab_chef/fx/scarab_chef.sprite.flies_1.atlas
monsters/scarab_chef/fx/scarab_chef.sprite.flies_1.png
monsters/scarab_chef/fx/scarab_chef.sprite.flies_1.skel
monsters/scarab_chef/fx/scarab_chef.sprite.flies_2.atlas
monsters/scarab_chef/fx/scarab_chef.sprite.flies_2.png
monsters/scarab_chef/fx/scarab_chef.sprite.flies_2.skel
monsters/scarab_chef/fx/scarab_chef.sprite.flies_3.atlas
monsters/scarab_chef/fx/scarab_chef.sprite.flies_3.png
monsters/scarab_chef/fx/scarab_chef.sprite.flies_3.skel
monsters/scarab_chef/fx/scarab_chef.sprite.pin_swipe.atlas
monsters/scarab_chef/fx/scarab_chef.sprite.pin_swipe.png
monsters/scarab_chef/fx/scarab_chef.sprite.pin_swipe.skel
monsters/scarab_chef/scarab_chef_A/scarab_chef_A.art.darkest
monsters/scarab_chef/scarab_chef_A/scarab_chef_A.info.darkest
monsters/scarab_chef/scarab_chef_A/tint.png
monsters/scarab_chef/scarab_chef_B/scarab_chef_B.art.darkest
monsters/scarab_chef/scarab_chef_B/scarab_chef_B.info.darkest
monsters/scarab_chef/scarab_chef_B/tint.png
monsters/scarab_chef/scarab_chef_C/scarab_chef_C.art.darkest
monsters/scarab_chef/scarab_chef_C/scarab_chef_C.info.darkest
monsters/scarab_chef/scarab_chef_C/tint.png
monsters/statue_hand/anim/statue_hand.sprite.attack_spear.atlas
monsters/statue_hand/anim/statue_hand.sprite.attack_spear.png
monsters/statue_hand/anim/statue_hand.sprite.attack_spear.skel
monsters/statue_hand/anim/statue_hand.sprite.combat.atlas
monsters/statue_hand/anim/statue_hand.sprite.combat.png
monsters/statue_hand/anim/statue_hand.sprite.combat.skel
monsters/statue_hand/anim/statue_hand.sprite.defend.atlas
monsters/statue_hand/anim/statue_hand.sprite.defend.png
monsters/statue_hand/anim/statue_hand.sprite.defend.skel
monsters/statue_hand/fx/statue_hand.sprite.blood_rain.atlas
monsters/statue_hand/fx/statue_hand.sprite.blood_rain.png
monsters/statue_hand/fx/statue_hand.sprite.blood_rain.skel
monsters/statue_hand/fx/statue_hand.sprite.blood_rain_target.atlas
monsters/statue_hand/fx/statue_hand.sprite.blood_rain_target.png
monsters/statue_hand/fx/statue_hand.sprite.blood_rain_target.skel
monsters/statue_hand/statue_hand_A/statue_hand_A.art.darkest
monsters/statue_hand/statue_hand_A/statue_hand_A.info.darkest
monsters/statue_hand/statue_hand_A/tint.png
monsters/statue_hand/statue_hand_B/statue_hand_B.art.darkest
monsters/statue_hand/statue_hand_B/statue_hand_B.info.darkest
monsters/statue_hand/statue_hand_B/tint.png
monsters/statue_hand/statue_hand_C/statue_hand_C.art.darkest
monsters/statue_hand/statue_hand_C/statue_hand_C.info.darkest
monsters/statue_hand/statue_hand_C/tint.png
monsters/statue_head/anim/statue_head.sprite.attack_eyes.atlas
monsters/statue_head/anim/statue_head.sprite.attack_eyes.png
monsters/statue_head/anim/statue_head.sprite.attack_eyes.skel
monsters/statue_head/anim/statue_head.sprite.combat.atlas
monsters/statue_head/anim/statue_head.sprite.combat.png
monsters/statue_head/anim/statue_head.sprite.combat.skel
monsters/statue_head/anim/statue_head.sprite.defend.atlas
monsters/statue_head/anim/statue_head.sprite.defend.png
monsters/statue_head/anim/statue_head.sprite.defend.skel
monsters/statue_head/fx/statue_head.sprite.head_prep.atlas
monsters/statue_head/fx/statue_head.sprite.head_prep.png
monsters/statue_head/fx/statue_head.sprite.head_prep.skel
monsters/statue_head/fx/statue_head.sprite.head_spew.atlas
monsters/statue_head/fx/statue_head.sprite.head_spew.png
monsters/statue_head/fx/statue_head.sprite.head_spew.skel
monsters/statue_head/statue_head_A/statue_head_A.art.darkest
monsters/statue_head/statue_head_A/statue_head_A.info.darkest
monsters/statue_head/statue_head_A/tint.png
monsters/statue_head/statue_head_B/statue_head_B.art.darkest
monsters/statue_head/statue_head_B/statue_head_B.info.darkest
monsters/statue_head/statue_head_B/tint.png
monsters/statue_head/statue_head_C/statue_head_C.art.darkest
monsters/statue_head/statue_head_C/statue_head_C.info.darkest
monsters/statue_head/statue_head_C/tint.png
monsters/statue_shield/anim/statue_shield.sprite.attack_down.atlas
monsters/statue_shield/anim/statue_shield.sprite.attack_down.png
monsters/statue_shield/anim/statue_shield.sprite.attack_down.skel
monsters/statue_shield/anim/statue_shield.sprite.attack_up.atlas
monsters/statue_shield/anim/statue_shield.sprite.attack_up.png
monsters/statue_shield/anim/statue_shield.sprite.attack_up.skel
monsters/statue_shield/anim/statue_shield.sprite.combat.atlas
monsters/statue_shield/anim/statue_shield.sprite.combat.png
monsters/statue_shield/anim/statue_shield.sprite.combat.skel
monsters/statue_shield/anim/statue_shield.sprite.defend.atlas
monsters/statue_shield/anim/statue_shield.sprite.defend.png
monsters/statue_shield/anim/statue_shield.sprite.defend.skel
monsters/statue_shield/statue_shield_A/statue_shield_A.art.darkest
monsters/statue_shield/statue_shield_A/statue_shield_A.info.darkest
monsters/statue_shield/statue_shield_A/tint.png
monsters/statue_shield/statue_shield_B/statue_shield_B.art.darkest
monsters/statue_shield/statue_shield_B/statue_shield_B.info.darkest
monsters/statue_shield/statue_shield_B/tint.png
monsters/statue_shield/statue_shield_C/statue_shield_C.art.darkest
monsters/statue_shield/statue_shield_C/statue_shield_C.info.darkest
monsters/statue_shield/statue_shield_C/tint.png
monsters/steward/anim/steward.sprite.attack_cleaver.atlas
monsters/steward/anim/steward.sprite.attack_cleaver.png
monsters/steward/anim/steward.sprite.attack_cleaver.skel
monsters/steward/anim/steward.sprite.attack_feed.atlas
monsters/steward/anim/steward.sprite.attack_feed.png
monsters/steward/anim/steward.sprite.attack_feed.skel
monsters/steward/anim/steward.sprite.attack_hand.atlas
monsters/steward/anim/steward.sprite.attack_hand.png
monsters/steward/anim/steward.sprite.attack_hand.skel
monsters/steward/anim/steward.sprite.attack_tray.atlas
monsters/steward/anim/steward.sprite.attack_tray.png
monsters/steward/anim/steward.sprite.attack_tray.skel
monsters/steward/anim/steward.sprite.combat.atlas
monsters/steward/anim/steward.sprite.combat.png
monsters/steward/anim/steward.sprite.combat.skel
monsters/steward/anim/steward.sprite.dead.atlas
monsters/steward/anim/steward.sprite.dead.png
monsters/steward/anim/steward.sprite.dead.skel
monsters/steward/anim/steward.sprite.defend.atlas
monsters/steward/anim/steward.sprite.defend.png
monsters/steward/anim/steward.sprite.defend.skel
monsters/steward/fx/steward.sprite.choice_cut.atlas
monsters/steward/fx/steward.sprite.choice_cut.png
monsters/steward/fx/steward.sprite.choice_cut.skel
monsters/steward/fx/steward.sprite.enraging_slight.atlas
monsters/steward/fx/steward.sprite.enraging_slight.png
monsters/steward/fx/steward.sprite.enraging_slight.skel
monsters/steward/fx/steward.sprite.gibbering_entourage.atlas
monsters/steward/fx/steward.sprite.gibbering_entourage.png
monsters/steward/fx/steward.sprite.gibbering_entourage.skel
monsters/steward/fx/steward.sprite.infallible_servant.atlas
monsters/steward/fx/steward.sprite.infallible_servant.png
monsters/steward/fx/steward.sprite.infallible_servant.skel
monsters/steward/fx/steward.sprite.refined_palate.atlas
monsters/steward/fx/steward.sprite.refined_palate.png
monsters/steward/fx/steward.sprite.refined_palate.skel
monsters/steward/fx/steward.sprite.refined_palate_target.atlas
monsters/steward/fx/steward.sprite.refined_palate_target.png
monsters/steward/fx/steward.sprite.refined_palate_target.skel
monsters/steward/fx/steward.sprite.the_hunger_beast.atlas
monsters/steward/fx/steward.sprite.the_hunger_beast.png
monsters/steward/fx/steward.sprite.the_hunger_beast.skel
monsters/steward/fx/steward.sprite.the_hunger_human.atlas
monsters/steward/fx/steward.sprite.the_hunger_human.png
monsters/steward/fx/steward.sprite.the_hunger_human.skel
monsters/steward/steward_A/steward_A.art.darkest
monsters/steward/steward_A/steward_A.info.darkest
monsters/steward/steward_A/tint.png
monsters/steward/steward_B/steward_B.art.darkest
monsters/steward/steward_B/steward_B.info.darkest
monsters/steward/steward_B/tint.png
monsters/steward/steward_C/steward_C.art.darkest
monsters/steward/steward_C/steward_C.info.darkest
monsters/steward/steward_C/tint.png
monsters/sycophant/anim/sycophant.sprite.attack_bomb.atlas
monsters/sycophant/anim/sycophant.sprite.attack_bomb.png
monsters/sycophant/anim/sycophant.sprite.attack_bomb.skel
monsters/sycophant/anim/sycophant.sprite.attack_feed.atlas
monsters/sycophant/anim/sycophant.sprite.attack_feed.png
monsters/sycophant/anim/sycophant.sprite.attack_feed.skel
monsters/sycophant/anim/sycophant.sprite.attack_tail.atlas
monsters/sycophant/anim/sycophant.sprite.attack_tail.png
monsters/sycophant/anim/sycophant.sprite.attack_tail.skel
monsters/sycophant/anim/sycophant.sprite.attack_whine.atlas
monsters/sycophant/anim/sycophant.sprite.attack_whine.png
monsters/sycophant/anim/sycophant.sprite.attack_whine.skel
monsters/sycophant/anim/sycophant.sprite.combat.atlas
monsters/sycophant/anim/sycophant.sprite.combat.png
monsters/sycophant/anim/sycophant.sprite.combat.skel
monsters/sycophant/anim/sycophant.sprite.defend.atlas
monsters/sycophant/anim/sycophant.sprite.defend.png
monsters/sycophant/anim/sycophant.sprite.defend.skel
monsters/sycophant/fx/sycophant.sprite.bombing_run_target.atlas
monsters/sycophant/fx/sycophant.sprite.bombing_run_target.png
monsters/sycophant/fx/sycophant.sprite.bombing_run_target.skel
monsters/sycophant/fx/sycophant.sprite.deafening_whine.atlas
monsters/sycophant/fx/sycophant.sprite.deafening_whine.png
monsters/sycophant/fx/sycophant.sprite.deafening_whine.skel
monsters/sycophant/fx/sycophant.sprite.maddening_whine.atlas
monsters/sycophant/fx/sycophant.sprite.maddening_whine.png
monsters/sycophant/fx/sycophant.sprite.maddening_whine.skel
monsters/sycophant/fx/sycophant.sprite.maddening_whine_target.atlas
monsters/sycophant/fx/sycophant.sprite.maddening_whine_target.png
monsters/sycophant/fx/sycophant.sprite.maddening_whine_target.skel
monsters/sycophant/fx/sycophant.sprite.the_hunger.atlas
monsters/sycophant/fx/sycophant.sprite.the_hunger.png
monsters/sycophant/fx/sycophant.sprite.the_hunger.skel
monsters/sycophant/sycophant_A/sycophant_A.art.darkest
monsters/sycophant/sycophant_A/sycophant_A.info.darkest
monsters/sycophant/sycophant_A/tint.png
monsters/sycophant/sycophant_B/sycophant_B.art.darkest
monsters/sycophant/sycophant_B/sycophant_B.info.darkest
monsters/sycophant/sycophant_B/tint.png
monsters/sycophant/sycophant_C/sycophant_C.art.darkest
monsters/sycophant/sycophant_C/sycophant_C.info.darkest
monsters/sycophant/sycophant_C/tint.png
monsters/tick_zombie/anim/tick_zombie.sprite.attack_bite.atlas
monsters/tick_zombie/anim/tick_zombie.sprite.attack_bite.png
monsters/tick_zombie/anim/tick_zombie.sprite.attack_bite.skel
monsters/tick_zombie/anim/tick_zombie.sprite.attack_tentacles.atlas
monsters/tick_zombie/anim/tick_zombie.sprite.attack_tentacles.png
monsters/tick_zombie/anim/tick_zombie.sprite.attack_tentacles.skel
monsters/tick_zombie/anim/tick_zombie.sprite.combat.atlas
monsters/tick_zombie/anim/tick_zombie.sprite.combat.png
monsters/tick_zombie/anim/tick_zombie.sprite.combat.skel
monsters/tick_zombie/anim/tick_zombie.sprite.dead.atlas
monsters/tick_zombie/anim/tick_zombie.sprite.dead.png
monsters/tick_zombie/anim/tick_zombie.sprite.dead.skel
monsters/tick_zombie/anim/tick_zombie.sprite.defend.atlas
monsters/tick_zombie/anim/tick_zombie.sprite.defend.png
monsters/tick_zombie/anim/tick_zombie.sprite.defend.skel
monsters/tick_zombie/fx/tick_zombie.sprite.gather_the_blood.atlas
monsters/tick_zombie/fx/tick_zombie.sprite.gather_the_blood.png
monsters/tick_zombie/fx/tick_zombie.sprite.gather_the_blood.skel
monsters/tick_zombie/fx/tick_zombie.sprite.predigestion.atlas
monsters/tick_zombie/fx/tick_zombie.sprite.predigestion.png
monsters/tick_zombie/fx/tick_zombie.sprite.predigestion.skel
monsters/tick_zombie/fx/tick_zombie.sprite.predigestion_target.atlas
monsters/tick_zombie/fx/tick_zombie.sprite.predigestion_target.png
monsters/tick_zombie/fx/tick_zombie.sprite.predigestion_target.skel
monsters/tick_zombie/tick_zombie_A/tick_zombie_A.art.darkest
monsters/tick_zombie/tick_zombie_A/tick_zombie_A.info.darkest
monsters/tick_zombie/tick_zombie_A/tint.png
monsters/tick_zombie/tick_zombie_B/tick_zombie_B.art.darkest
monsters/tick_zombie/tick_zombie_B/tick_zombie_B.info.darkest
monsters/tick_zombie/tick_zombie_B/tint.png
monsters/tick_zombie/tick_zombie_C/tick_zombie_C.art.darkest
monsters/tick_zombie/tick_zombie_C/tick_zombie_C.info.darkest
monsters/tick_zombie/tick_zombie_C/tint.png
monsters/viscount/anim/viscount.sprite.attack_eyes.atlas
monsters/viscount/anim/viscount.sprite.attack_eyes.png
monsters/viscount/anim/viscount.sprite.attack_eyes.skel
monsters/viscount/anim/viscount.sprite.attack_feed.atlas
monsters/viscount/anim/viscount.sprite.attack_feed.png
monsters/viscount/anim/viscount.sprite.attack_feed.skel
monsters/viscount/anim/viscount.sprite.attack_forelegs.atlas
monsters/viscount/anim/viscount.sprite.attack_forelegs.png
monsters/viscount/anim/viscount.sprite.attack_forelegs.skel
monsters/viscount/anim/viscount.sprite.attack_knife.atlas
monsters/viscount/anim/viscount.sprite.attack_knife.png
monsters/viscount/anim/viscount.sprite.attack_knife.skel
monsters/viscount/anim/viscount.sprite.call.atlas
monsters/viscount/anim/viscount.sprite.call.png
monsters/viscount/anim/viscount.sprite.call.skel
monsters/viscount/anim/viscount.sprite.combat.atlas
monsters/viscount/anim/viscount.sprite.combat.png
monsters/viscount/anim/viscount.sprite.combat.skel
monsters/viscount/anim/viscount.sprite.defend.atlas
monsters/viscount/anim/viscount.sprite.defend.png
monsters/viscount/anim/viscount.sprite.defend.skel
monsters/viscount/fx/viscount.sprite.feed_on.atlas
monsters/viscount/fx/viscount.sprite.feed_on.png
monsters/viscount/fx/viscount.sprite.feed_on.skel
monsters/viscount/fx/viscount.sprite.fine_pairing.atlas
monsters/viscount/fx/viscount.sprite.fine_pairing.png
monsters/viscount/fx/viscount.sprite.fine_pairing.skel
monsters/viscount/fx/viscount.sprite.hungry_eyes.atlas
monsters/viscount/fx/viscount.sprite.hungry_eyes.png
monsters/viscount/fx/viscount.sprite.hungry_eyes.skel
monsters/viscount/fx/viscount.sprite.riposte.atlas
monsters/viscount/fx/viscount.sprite.riposte.png
monsters/viscount/fx/viscount.sprite.riposte.skel
monsters/viscount/fx/viscount.sprite.served_rare.atlas
monsters/viscount/fx/viscount.sprite.served_rare.png
monsters/viscount/fx/viscount.sprite.served_rare.skel
monsters/viscount/viscount_A/tint.png
monsters/viscount/viscount_A/viscount_A.art.darkest
monsters/viscount/viscount_A/viscount_A.info.darkest
monsters/viscount/viscount_B/tint.png
monsters/viscount/viscount_B/viscount_B.art.darkest
monsters/viscount/viscount_B/viscount_B.info.darkest
monsters/viscount/viscount_C/tint.png
monsters/viscount/viscount_C/viscount_C.art.darkest
monsters/viscount/viscount_C/viscount_C.info.darkest
campaign/districts/cc_districts.json
campaign/progression/infestation.progression.json
campaign/quest/crimson_court.quest.generation.json
campaign/quest/crimson_court.quest.plot_quests.json
campaign/quest/crimson_court.quest.types.json
campaign/roster/roster.contagion.json
campaign/town_events/crimson_court.town_events.events.json
dungeons/_shared/baron.png
dungeons/_shared/fanatic.png
dungeons/courtyard/baron.png
dungeons/courtyard/colour_grade.png
dungeons/courtyard/colour_grade_0.png
dungeons/courtyard/colour_grade_1.png
dungeons/courtyard/colour_grade_2.png
dungeons/courtyard/colour_grade_3.png
dungeons/courtyard/colour_grade_4.png
dungeons/courtyard/courtyard.1.mash.darkest
dungeons/courtyard/courtyard.2.mash.darkest
dungeons/courtyard/courtyard.3.mash.darkest
dungeons/courtyard/courtyard.4.mash.darkest
dungeons/courtyard/courtyard.5.mash.darkest
dungeons/courtyard/courtyard.6.mash.darkest
dungeons/courtyard/courtyard.boss.room_wall.countess.png
dungeons/courtyard/courtyard.boss.room_wall.viscount.png
dungeons/courtyard/courtyard.corridor_bg.png
dungeons/courtyard/courtyard.corridor_door.basic.png
dungeons/courtyard/courtyard.corridor_mid.png
dungeons/courtyard/courtyard.corridor_wall.01.SWAMPNOBLD.png
dungeons/courtyard/courtyard.corridor_wall.02.SWAMPBLD.png
dungeons/courtyard/courtyard.corridor_wall.03.SWAMPNOBLD.png
dungeons/courtyard/courtyard.corridor_wall.04.SWAMPBLD.png
dungeons/courtyard/courtyard.corridor_wall.05.SWAMPNOBLD.png
dungeons/courtyard/courtyard.corridor_wall.06.SWAMPBLD.png
dungeons/courtyard/courtyard.corridor_wall.07.SWAMPNOBLD.png
dungeons/courtyard/courtyard.corridor_wall.08.SWAMPBLD.png
dungeons/courtyard/courtyard.corridor_wall.09.TRCNOBLD.png
dungeons/courtyard/courtyard.corridor_wall.10.TRCBLD.png
dungeons/courtyard/courtyard.corridor_wall.11.TRCNOBLD.png
dungeons/courtyard/courtyard.corridor_wall.12.TRCBLD.png
dungeons/courtyard/courtyard.corridor_wall.13.TRCNOBLD.png
dungeons/courtyard/courtyard.corridor_wall.14.TRCBLD.png
dungeons/courtyard/courtyard.corridor_wall.15.TRCNOBLD.png
dungeons/courtyard/courtyard.corridor_wall.16.TRCBLD.png
dungeons/courtyard/courtyard.corridor_wall.17.HDGNOBLD.png
dungeons/courtyard/courtyard.corridor_wall.18.HDGBLD.png
dungeons/courtyard/courtyard.corridor_wall.19.HDGNOBLD.png
dungeons/courtyard/courtyard.corridor_wall.20.HDGBLD.png
dungeons/courtyard/courtyard.corridor_wall.21.HDGNOBLD.png
dungeons/courtyard/courtyard.corridor_wall.22.HDGBLD.png
dungeons/courtyard/courtyard.corridor_wall.23.HDGNOBLD.png
dungeons/courtyard/courtyard.corridor_wall.24.HDGBLD.png
dungeons/courtyard/courtyard.dungeon.json
dungeons/courtyard/courtyard.endhall.01.png
dungeons/courtyard/courtyard.entrance_room_wall.png
dungeons/courtyard/courtyard.foreground_bottom.01.png
dungeons/courtyard/courtyard.foreground_top.01.png
dungeons/courtyard/courtyard.props.darkest
dungeons/courtyard/courtyard.room_wall.arch.RMTRC.png
dungeons/courtyard/courtyard.room_wall.baron.png
dungeons/courtyard/courtyard.room_wall.clearing.RMTRC.png
dungeons/courtyard/courtyard.room_wall.countess.png
dungeons/courtyard/courtyard.room_wall.garden1.png
dungeons/courtyard/courtyard.room_wall.garden2.png
dungeons/courtyard/courtyard.room_wall.garden3.png
dungeons/courtyard/courtyard.room_wall.hedge1.RMHDG.png
dungeons/courtyard/courtyard.room_wall.hedge2.RMHDG.png
dungeons/courtyard/courtyard.room_wall.hedge3.RMHDG.png
dungeons/courtyard/courtyard.room_wall.ruins3.RMTRC.png
dungeons/courtyard/courtyard.room_wall.start.png
dungeons/courtyard/courtyard.room_wall.statue.png
dungeons/courtyard/courtyard.room_wall.swamp1.RMSW.png
dungeons/courtyard/courtyard.room_wall.swamp2.RMSW.png
dungeons/courtyard/courtyard.room_wall.swamp3.RMSW.png
dungeons/courtyard/courtyard.room_wall.viscount.png
dungeons/courtyard/named.courtyard.1.mash.darkest
dungeons/courtyard/named.courtyard.3.mash.darkest
dungeons/courtyard/named.courtyard.5.mash.darkest
dungeons/courtyard/named.courtyard.6.mash.darkest
dungeons/cove/cc.cove.1.mash.darkest
dungeons/cove/cc.cove.3.mash.darkest
dungeons/cove/cc.cove.5.mash.darkest
dungeons/cove/cc.cove.additional.1.mash.darkest
dungeons/cove/cc.cove.additional.3.mash.darkest
dungeons/cove/cc.cove.additional.5.mash.darkest
dungeons/cove/cc.cove.conditional.1.mash.darkest
dungeons/cove/cc.cove.conditional.3.mash.darkest
dungeons/cove/cc.cove.conditional.5.mash.darkest
dungeons/crypts/cc.crypts.1.mash.darkest
dungeons/crypts/cc.crypts.3.mash.darkest
dungeons/crypts/cc.crypts.5.mash.darkest
dungeons/crypts/cc.crypts.additional.1.mash.darkest
dungeons/crypts/cc.crypts.additional.3.mash.darkest
dungeons/crypts/cc.crypts.additional.5.mash.darkest
dungeons/crypts/cc.crypts.conditional.1.mash.darkest
dungeons/crypts/cc.crypts.conditional.3.mash.darkest
dungeons/crypts/cc.crypts.conditional.5.mash.darkest
dungeons/warrens/cc.warrens.1.mash.darkest
dungeons/warrens/cc.warrens.3.mash.darkest
dungeons/warrens/cc.warrens.5.mash.darkest
dungeons/warrens/cc.warrens.additional.1.mash.darkest
dungeons/warrens/cc.warrens.additional.3.mash.darkest
dungeons/warrens/cc.warrens.additional.5.mash.darkest
dungeons/warrens/cc.warrens.conditional.1.mash.darkest
dungeons/warrens/cc.warrens.conditional.3.mash.darkest
dungeons/warrens/cc.warrens.conditional.5.mash.darkest
dungeons/weald/cc.weald.1.mash.darkest
dungeons/weald/cc.weald.3.mash.darkest
dungeons/weald/cc.weald.5.mash.darkest
dungeons/weald/cc.weald.additional.1.mash.darkest
dungeons/weald/cc.weald.additional.3.mash.darkest
dungeons/weald/cc.weald.additional.5.mash.darkest
dungeons/weald/cc.weald.conditional.1.mash.darkest
dungeons/weald/cc.weald.conditional.3.mash.darkest
dungeons/weald/cc.weald.conditional.5.mash.darkest
panels/icons_map/CC_BossIcon.png
props/courtyard/trap_definitions.json
raid/actor_dot/crimson_court.actor_dot.json
raid/ai/crimson_court.monster_brains.json
raid/ai/spiders_court.monster_brains.json
scripts/layout/crimson_court.popup_text.layout.darkest
scripts/layout/crimson_court.quirk_transition.anim.darkest
shared/buffs/crimson_court.buffs.json
shared/buffs/spiders_court.buffs.json
shared/buffs/spiders_court_district.buffs.json
shared/estate/currency.the_blood.icon.png
curios/cc_curio_props.csv
curios/cc_curio_type_library.csv
effects/crimson_court.effects.darkest
effects/spiders_court.effects.darkest
inventory/crimson_court.estate.inventory.items.darkest
inventory/crimson_court.inventory.system_configs.darkest
inventory/crimson_court.quest.inventory.items.darkest
loading_screen/loading_screen.courtyard_0.png
loading_screen/loading_screen.fanatic.png
loading_screen/loading_screen.plot_crimson_court_0.png
loading_screen/loading_screen.plot_crimson_court_1.png
loading_screen/loading_screen.plot_crimson_court_2.png
loading_screen/loading_screen.plot_crimson_court_3.png
localization/1998664279_english.loc
localization/CourtyardPlus.string_table.xml
localization/spiders_court.string_table.xml
loot/common_overrides.loot.json
loot/crimson_court.loot.json
maps/cc_map_baron.csv
maps/cc_map_baron.dm
maps/cc_map_countess.csv
maps/cc_map_countess.dm
maps/cc_map_viscount.csv
maps/cc_map_viscount.dm
overlays/blood_torch.png
scripts/cc_raid_visuals.json
scripts/map_generator.darkest
scripts/raid_settings.json
scripts/starting_roster.darkest
trinkets/crimson_court.entries.trinkets.json
trinkets/crimson_court.rarities.trinkets.json
trinkets/crimson_court.sets.trinkets.json
trinkets/crimson_court.starting.trinkets.json
SpiderCourt_project.xml
modfiles.txt
preview_icon.png
project.xml

Submitting.........................................................................................................................................................................................................................................................................................................................Submitted.
Saving project file F:\XinSon\Desktop\Darkest Dungeon mods\Darkest Dungeon Spider Court\data\Spider-Court\SpiderCourt_project.xml

